Yernazar
YernazarYernazar
Yernazar_Yernazar
Yernazar-Yernazar
Yernazar.Yernazar
YernazarYernazarYernazar
Yernazar_Yernazar_Yernazar
Yernazar_Yernazar.Yernazar
Yernazar_Yernazar-Yernazar
Yernazar.Yernazar_Yernazar
Yernazar.Yernazar.Yernazar
Yernazar.Yernazar-Yernazar
Yernazar-Yernazar_Yernazar
Yernazar-Yernazar.Yernazar
Yernazar-Yernazar-Yernazar
YernazarYernazarKarabayev
Yernazar_Yernazar_Karabayev
Yernazar_Yernazar.Karabayev
Yernazar_Yernazar-Karabayev
Yernazar.Yernazar_Karabayev
Yernazar.Yernazar.Karabayev
Yernazar.Yernazar-Karabayev
Yernazar-Yernazar_Karabayev
Yernazar-Yernazar.Karabayev
Yernazar-Yernazar-Karabayev
YernazarYernazar24
Yernazar_Yernazar_24
Yernazar_Yernazar.24
Yernazar_Yernazar-24
Yernazar.Yernazar_24
Yernazar.Yernazar.24
Yernazar.Yernazar-24
Yernazar-Yernazar_24
Yernazar-Yernazar.24
Yernazar-Yernazar-24
YernazarYernazar05
Yernazar_Yernazar_05
Yernazar_Yernazar.05
Yernazar_Yernazar-05
Yernazar.Yernazar_05
Yernazar.Yernazar.05
Yernazar.Yernazar-05
Yernazar-Yernazar_05
Yernazar-Yernazar.05
Yernazar-Yernazar-05
YernazarYernazar2001
Yernazar_Yernazar_2001
Yernazar_Yernazar.2001
Yernazar_Yernazar-2001
Yernazar.Yernazar_2001
Yernazar.Yernazar.2001
Yernazar.Yernazar-2001
Yernazar-Yernazar_2001
Yernazar-Yernazar.2001
Yernazar-Yernazar-2001
YernazarKarabayev
Yernazar_Karabayev
Yernazar-Karabayev
Yernazar.Karabayev
YernazarKarabayevYernazar
Yernazar_Karabayev_Yernazar
Yernazar_Karabayev.Yernazar
Yernazar_Karabayev-Yernazar
Yernazar.Karabayev_Yernazar
Yernazar.Karabayev.Yernazar
Yernazar.Karabayev-Yernazar
Yernazar-Karabayev_Yernazar
Yernazar-Karabayev.Yernazar
Yernazar-Karabayev-Yernazar
YernazarKarabayevKarabayev
Yernazar_Karabayev_Karabayev
Yernazar_Karabayev.Karabayev
Yernazar_Karabayev-Karabayev
Yernazar.Karabayev_Karabayev
Yernazar.Karabayev.Karabayev
Yernazar.Karabayev-Karabayev
Yernazar-Karabayev_Karabayev
Yernazar-Karabayev.Karabayev
Yernazar-Karabayev-Karabayev
YernazarKarabayev24
Yernazar_Karabayev_24
Yernazar_Karabayev.24
Yernazar_Karabayev-24
Yernazar.Karabayev_24
Yernazar.Karabayev.24
Yernazar.Karabayev-24
Yernazar-Karabayev_24
Yernazar-Karabayev.24
Yernazar-Karabayev-24
YernazarKarabayev05
Yernazar_Karabayev_05
Yernazar_Karabayev.05
Yernazar_Karabayev-05
Yernazar.Karabayev_05
Yernazar.Karabayev.05
Yernazar.Karabayev-05
Yernazar-Karabayev_05
Yernazar-Karabayev.05
Yernazar-Karabayev-05
YernazarKarabayev2001
Yernazar_Karabayev_2001
Yernazar_Karabayev.2001
Yernazar_Karabayev-2001
Yernazar.Karabayev_2001
Yernazar.Karabayev.2001
Yernazar.Karabayev-2001
Yernazar-Karabayev_2001
Yernazar-Karabayev.2001
Yernazar-Karabayev-2001
Yernazar24
Yernazar_24
Yernazar-24
Yernazar.24
Yernazar24Yernazar
Yernazar_24_Yernazar
Yernazar_24.Yernazar
Yernazar_24-Yernazar
Yernazar.24_Yernazar
Yernazar.24.Yernazar
Yernazar.24-Yernazar
Yernazar-24_Yernazar
Yernazar-24.Yernazar
Yernazar-24-Yernazar
Yernazar24Karabayev
Yernazar_24_Karabayev
Yernazar_24.Karabayev
Yernazar_24-Karabayev
Yernazar.24_Karabayev
Yernazar.24.Karabayev
Yernazar.24-Karabayev
Yernazar-24_Karabayev
Yernazar-24.Karabayev
Yernazar-24-Karabayev
Yernazar2424
Yernazar_24_24
Yernazar_24.24
Yernazar_24-24
Yernazar.24_24
Yernazar.24.24
Yernazar.24-24
Yernazar-24_24
Yernazar-24.24
Yernazar-24-24
Yernazar2405
Yernazar_24_05
Yernazar_24.05
Yernazar_24-05
Yernazar.24_05
Yernazar.24.05
Yernazar.24-05
Yernazar-24_05
Yernazar-24.05
Yernazar-24-05
Yernazar242001
Yernazar_24_2001
Yernazar_24.2001
Yernazar_24-2001
Yernazar.24_2001
Yernazar.24.2001
Yernazar.24-2001
Yernazar-24_2001
Yernazar-24.2001
Yernazar-24-2001
Yernazar05
Yernazar_05
Yernazar-05
Yernazar.05
Yernazar05Yernazar
Yernazar_05_Yernazar
Yernazar_05.Yernazar
Yernazar_05-Yernazar
Yernazar.05_Yernazar
Yernazar.05.Yernazar
Yernazar.05-Yernazar
Yernazar-05_Yernazar
Yernazar-05.Yernazar
Yernazar-05-Yernazar
Yernazar05Karabayev
Yernazar_05_Karabayev
Yernazar_05.Karabayev
Yernazar_05-Karabayev
Yernazar.05_Karabayev
Yernazar.05.Karabayev
Yernazar.05-Karabayev
Yernazar-05_Karabayev
Yernazar-05.Karabayev
Yernazar-05-Karabayev
Yernazar0524
Yernazar_05_24
Yernazar_05.24
Yernazar_05-24
Yernazar.05_24
Yernazar.05.24
Yernazar.05-24
Yernazar-05_24
Yernazar-05.24
Yernazar-05-24
Yernazar0505
Yernazar_05_05
Yernazar_05.05
Yernazar_05-05
Yernazar.05_05
Yernazar.05.05
Yernazar.05-05
Yernazar-05_05
Yernazar-05.05
Yernazar-05-05
Yernazar052001
Yernazar_05_2001
Yernazar_05.2001
Yernazar_05-2001
Yernazar.05_2001
Yernazar.05.2001
Yernazar.05-2001
Yernazar-05_2001
Yernazar-05.2001
Yernazar-05-2001
Yernazar2001
Yernazar_2001
Yernazar-2001
Yernazar.2001
Yernazar2001Yernazar
Yernazar_2001_Yernazar
Yernazar_2001.Yernazar
Yernazar_2001-Yernazar
Yernazar.2001_Yernazar
Yernazar.2001.Yernazar
Yernazar.2001-Yernazar
Yernazar-2001_Yernazar
Yernazar-2001.Yernazar
Yernazar-2001-Yernazar
Yernazar2001Karabayev
Yernazar_2001_Karabayev
Yernazar_2001.Karabayev
Yernazar_2001-Karabayev
Yernazar.2001_Karabayev
Yernazar.2001.Karabayev
Yernazar.2001-Karabayev
Yernazar-2001_Karabayev
Yernazar-2001.Karabayev
Yernazar-2001-Karabayev
Yernazar200124
Yernazar_2001_24
Yernazar_2001.24
Yernazar_2001-24
Yernazar.2001_24
Yernazar.2001.24
Yernazar.2001-24
Yernazar-2001_24
Yernazar-2001.24
Yernazar-2001-24
Yernazar200105
Yernazar_2001_05
Yernazar_2001.05
Yernazar_2001-05
Yernazar.2001_05
Yernazar.2001.05
Yernazar.2001-05
Yernazar-2001_05
Yernazar-2001.05
Yernazar-2001-05
Yernazar20012001
Yernazar_2001_2001
Yernazar_2001.2001
Yernazar_2001-2001
Yernazar.2001_2001
Yernazar.2001.2001
Yernazar.2001-2001
Yernazar-2001_2001
Yernazar-2001.2001
Yernazar-2001-2001
Karabayev
KarabayevYernazar
Karabayev_Yernazar
Karabayev-Yernazar
Karabayev.Yernazar
KarabayevYernazarYernazar
Karabayev_Yernazar_Yernazar
Karabayev_Yernazar.Yernazar
Karabayev_Yernazar-Yernazar
Karabayev.Yernazar_Yernazar
Karabayev.Yernazar.Yernazar
Karabayev.Yernazar-Yernazar
Karabayev-Yernazar_Yernazar
Karabayev-Yernazar.Yernazar
Karabayev-Yernazar-Yernazar
KarabayevYernazarKarabayev
Karabayev_Yernazar_Karabayev
Karabayev_Yernazar.Karabayev
Karabayev_Yernazar-Karabayev
Karabayev.Yernazar_Karabayev
Karabayev.Yernazar.Karabayev
Karabayev.Yernazar-Karabayev
Karabayev-Yernazar_Karabayev
Karabayev-Yernazar.Karabayev
Karabayev-Yernazar-Karabayev
KarabayevYernazar24
Karabayev_Yernazar_24
Karabayev_Yernazar.24
Karabayev_Yernazar-24
Karabayev.Yernazar_24
Karabayev.Yernazar.24
Karabayev.Yernazar-24
Karabayev-Yernazar_24
Karabayev-Yernazar.24
Karabayev-Yernazar-24
KarabayevYernazar05
Karabayev_Yernazar_05
Karabayev_Yernazar.05
Karabayev_Yernazar-05
Karabayev.Yernazar_05
Karabayev.Yernazar.05
Karabayev.Yernazar-05
Karabayev-Yernazar_05
Karabayev-Yernazar.05
Karabayev-Yernazar-05
KarabayevYernazar2001
Karabayev_Yernazar_2001
Karabayev_Yernazar.2001
Karabayev_Yernazar-2001
Karabayev.Yernazar_2001
Karabayev.Yernazar.2001
Karabayev.Yernazar-2001
Karabayev-Yernazar_2001
Karabayev-Yernazar.2001
Karabayev-Yernazar-2001
KarabayevKarabayev
Karabayev_Karabayev
Karabayev-Karabayev
Karabayev.Karabayev
KarabayevKarabayevYernazar
Karabayev_Karabayev_Yernazar
Karabayev_Karabayev.Yernazar
Karabayev_Karabayev-Yernazar
Karabayev.Karabayev_Yernazar
Karabayev.Karabayev.Yernazar
Karabayev.Karabayev-Yernazar
Karabayev-Karabayev_Yernazar
Karabayev-Karabayev.Yernazar
Karabayev-Karabayev-Yernazar
KarabayevKarabayevKarabayev
Karabayev_Karabayev_Karabayev
Karabayev_Karabayev.Karabayev
Karabayev_Karabayev-Karabayev
Karabayev.Karabayev_Karabayev
Karabayev.Karabayev.Karabayev
Karabayev.Karabayev-Karabayev
Karabayev-Karabayev_Karabayev
Karabayev-Karabayev.Karabayev
Karabayev-Karabayev-Karabayev
KarabayevKarabayev24
Karabayev_Karabayev_24
Karabayev_Karabayev.24
Karabayev_Karabayev-24
Karabayev.Karabayev_24
Karabayev.Karabayev.24
Karabayev.Karabayev-24
Karabayev-Karabayev_24
Karabayev-Karabayev.24
Karabayev-Karabayev-24
KarabayevKarabayev05
Karabayev_Karabayev_05
Karabayev_Karabayev.05
Karabayev_Karabayev-05
Karabayev.Karabayev_05
Karabayev.Karabayev.05
Karabayev.Karabayev-05
Karabayev-Karabayev_05
Karabayev-Karabayev.05
Karabayev-Karabayev-05
KarabayevKarabayev2001
Karabayev_Karabayev_2001
Karabayev_Karabayev.2001
Karabayev_Karabayev-2001
Karabayev.Karabayev_2001
Karabayev.Karabayev.2001
Karabayev.Karabayev-2001
Karabayev-Karabayev_2001
Karabayev-Karabayev.2001
Karabayev-Karabayev-2001
Karabayev24
Karabayev_24
Karabayev-24
Karabayev.24
Karabayev24Yernazar
Karabayev_24_Yernazar
Karabayev_24.Yernazar
Karabayev_24-Yernazar
Karabayev.24_Yernazar
Karabayev.24.Yernazar
Karabayev.24-Yernazar
Karabayev-24_Yernazar
Karabayev-24.Yernazar
Karabayev-24-Yernazar
Karabayev24Karabayev
Karabayev_24_Karabayev
Karabayev_24.Karabayev
Karabayev_24-Karabayev
Karabayev.24_Karabayev
Karabayev.24.Karabayev
Karabayev.24-Karabayev
Karabayev-24_Karabayev
Karabayev-24.Karabayev
Karabayev-24-Karabayev
Karabayev2424
Karabayev_24_24
Karabayev_24.24
Karabayev_24-24
Karabayev.24_24
Karabayev.24.24
Karabayev.24-24
Karabayev-24_24
Karabayev-24.24
Karabayev-24-24
Karabayev2405
Karabayev_24_05
Karabayev_24.05
Karabayev_24-05
Karabayev.24_05
Karabayev.24.05
Karabayev.24-05
Karabayev-24_05
Karabayev-24.05
Karabayev-24-05
Karabayev242001
Karabayev_24_2001
Karabayev_24.2001
Karabayev_24-2001
Karabayev.24_2001
Karabayev.24.2001
Karabayev.24-2001
Karabayev-24_2001
Karabayev-24.2001
Karabayev-24-2001
Karabayev05
Karabayev_05
Karabayev-05
Karabayev.05
Karabayev05Yernazar
Karabayev_05_Yernazar
Karabayev_05.Yernazar
Karabayev_05-Yernazar
Karabayev.05_Yernazar
Karabayev.05.Yernazar
Karabayev.05-Yernazar
Karabayev-05_Yernazar
Karabayev-05.Yernazar
Karabayev-05-Yernazar
Karabayev05Karabayev
Karabayev_05_Karabayev
Karabayev_05.Karabayev
Karabayev_05-Karabayev
Karabayev.05_Karabayev
Karabayev.05.Karabayev
Karabayev.05-Karabayev
Karabayev-05_Karabayev
Karabayev-05.Karabayev
Karabayev-05-Karabayev
Karabayev0524
Karabayev_05_24
Karabayev_05.24
Karabayev_05-24
Karabayev.05_24
Karabayev.05.24
Karabayev.05-24
Karabayev-05_24
Karabayev-05.24
Karabayev-05-24
Karabayev0505
Karabayev_05_05
Karabayev_05.05
Karabayev_05-05
Karabayev.05_05
Karabayev.05.05
Karabayev.05-05
Karabayev-05_05
Karabayev-05.05
Karabayev-05-05
Karabayev052001
Karabayev_05_2001
Karabayev_05.2001
Karabayev_05-2001
Karabayev.05_2001
Karabayev.05.2001
Karabayev.05-2001
Karabayev-05_2001
Karabayev-05.2001
Karabayev-05-2001
Karabayev2001
Karabayev_2001
Karabayev-2001
Karabayev.2001
Karabayev2001Yernazar
Karabayev_2001_Yernazar
Karabayev_2001.Yernazar
Karabayev_2001-Yernazar
Karabayev.2001_Yernazar
Karabayev.2001.Yernazar
Karabayev.2001-Yernazar
Karabayev-2001_Yernazar
Karabayev-2001.Yernazar
Karabayev-2001-Yernazar
Karabayev2001Karabayev
Karabayev_2001_Karabayev
Karabayev_2001.Karabayev
Karabayev_2001-Karabayev
Karabayev.2001_Karabayev
Karabayev.2001.Karabayev
Karabayev.2001-Karabayev
Karabayev-2001_Karabayev
Karabayev-2001.Karabayev
Karabayev-2001-Karabayev
Karabayev200124
Karabayev_2001_24
Karabayev_2001.24
Karabayev_2001-24
Karabayev.2001_24
Karabayev.2001.24
Karabayev.2001-24
Karabayev-2001_24
Karabayev-2001.24
Karabayev-2001-24
Karabayev200105
Karabayev_2001_05
Karabayev_2001.05
Karabayev_2001-05
Karabayev.2001_05
Karabayev.2001.05
Karabayev.2001-05
Karabayev-2001_05
Karabayev-2001.05
Karabayev-2001-05
Karabayev20012001
Karabayev_2001_2001
Karabayev_2001.2001
Karabayev_2001-2001
Karabayev.2001_2001
Karabayev.2001.2001
Karabayev.2001-2001
Karabayev-2001_2001
Karabayev-2001.2001
Karabayev-2001-2001
24
24Yernazar
24_Yernazar
24-Yernazar
24.Yernazar
24YernazarYernazar
24_Yernazar_Yernazar
24_Yernazar.Yernazar
24_Yernazar-Yernazar
24.Yernazar_Yernazar
24.Yernazar.Yernazar
24.Yernazar-Yernazar
24-Yernazar_Yernazar
24-Yernazar.Yernazar
24-Yernazar-Yernazar
24YernazarKarabayev
24_Yernazar_Karabayev
24_Yernazar.Karabayev
24_Yernazar-Karabayev
24.Yernazar_Karabayev
24.Yernazar.Karabayev
24.Yernazar-Karabayev
24-Yernazar_Karabayev
24-Yernazar.Karabayev
24-Yernazar-Karabayev
24Yernazar24
24_Yernazar_24
24_Yernazar.24
24_Yernazar-24
24.Yernazar_24
24.Yernazar.24
24.Yernazar-24
24-Yernazar_24
24-Yernazar.24
24-Yernazar-24
24Yernazar05
24_Yernazar_05
24_Yernazar.05
24_Yernazar-05
24.Yernazar_05
24.Yernazar.05
24.Yernazar-05
24-Yernazar_05
24-Yernazar.05
24-Yernazar-05
24Yernazar2001
24_Yernazar_2001
24_Yernazar.2001
24_Yernazar-2001
24.Yernazar_2001
24.Yernazar.2001
24.Yernazar-2001
24-Yernazar_2001
24-Yernazar.2001
24-Yernazar-2001
24Karabayev
24_Karabayev
24-Karabayev
24.Karabayev
24KarabayevYernazar
24_Karabayev_Yernazar
24_Karabayev.Yernazar
24_Karabayev-Yernazar
24.Karabayev_Yernazar
24.Karabayev.Yernazar
24.Karabayev-Yernazar
24-Karabayev_Yernazar
24-Karabayev.Yernazar
24-Karabayev-Yernazar
24KarabayevKarabayev
24_Karabayev_Karabayev
24_Karabayev.Karabayev
24_Karabayev-Karabayev
24.Karabayev_Karabayev
24.Karabayev.Karabayev
24.Karabayev-Karabayev
24-Karabayev_Karabayev
24-Karabayev.Karabayev
24-Karabayev-Karabayev
24Karabayev24
24_Karabayev_24
24_Karabayev.24
24_Karabayev-24
24.Karabayev_24
24.Karabayev.24
24.Karabayev-24
24-Karabayev_24
24-Karabayev.24
24-Karabayev-24
24Karabayev05
24_Karabayev_05
24_Karabayev.05
24_Karabayev-05
24.Karabayev_05
24.Karabayev.05
24.Karabayev-05
24-Karabayev_05
24-Karabayev.05
24-Karabayev-05
24Karabayev2001
24_Karabayev_2001
24_Karabayev.2001
24_Karabayev-2001
24.Karabayev_2001
24.Karabayev.2001
24.Karabayev-2001
24-Karabayev_2001
24-Karabayev.2001
24-Karabayev-2001
2424
24_24
24-24
24.24
2424Yernazar
24_24_Yernazar
24_24.Yernazar
24_24-Yernazar
24.24_Yernazar
24.24.Yernazar
24.24-Yernazar
24-24_Yernazar
24-24.Yernazar
24-24-Yernazar
2424Karabayev
24_24_Karabayev
24_24.Karabayev
24_24-Karabayev
24.24_Karabayev
24.24.Karabayev
24.24-Karabayev
24-24_Karabayev
24-24.Karabayev
24-24-Karabayev
242424
24_24_24
24_24.24
24_24-24
24.24_24
24.24.24
24.24-24
24-24_24
24-24.24
24-24-24
242405
24_24_05
24_24.05
24_24-05
24.24_05
24.24.05
24.24-05
24-24_05
24-24.05
24-24-05
24242001
24_24_2001
24_24.2001
24_24-2001
24.24_2001
24.24.2001
24.24-2001
24-24_2001
24-24.2001
24-24-2001
2405
24_05
24-05
24.05
2405Yernazar
24_05_Yernazar
24_05.Yernazar
24_05-Yernazar
24.05_Yernazar
24.05.Yernazar
24.05-Yernazar
24-05_Yernazar
24-05.Yernazar
24-05-Yernazar
2405Karabayev
24_05_Karabayev
24_05.Karabayev
24_05-Karabayev
24.05_Karabayev
24.05.Karabayev
24.05-Karabayev
24-05_Karabayev
24-05.Karabayev
24-05-Karabayev
240524
24_05_24
24_05.24
24_05-24
24.05_24
24.05.24
24.05-24
24-05_24
24-05.24
24-05-24
240505
24_05_05
24_05.05
24_05-05
24.05_05
24.05.05
24.05-05
24-05_05
24-05.05
24-05-05
24052001
24_05_2001
24_05.2001
24_05-2001
24.05_2001
24.05.2001
24.05-2001
24-05_2001
24-05.2001
24-05-2001
242001
24_2001
24-2001
24.2001
242001Yernazar
24_2001_Yernazar
24_2001.Yernazar
24_2001-Yernazar
24.2001_Yernazar
24.2001.Yernazar
24.2001-Yernazar
24-2001_Yernazar
24-2001.Yernazar
24-2001-Yernazar
242001Karabayev
24_2001_Karabayev
24_2001.Karabayev
24_2001-Karabayev
24.2001_Karabayev
24.2001.Karabayev
24.2001-Karabayev
24-2001_Karabayev
24-2001.Karabayev
24-2001-Karabayev
24200124
24_2001_24
24_2001.24
24_2001-24
24.2001_24
24.2001.24
24.2001-24
24-2001_24
24-2001.24
24-2001-24
24200105
24_2001_05
24_2001.05
24_2001-05
24.2001_05
24.2001.05
24.2001-05
24-2001_05
24-2001.05
24-2001-05
2420012001
24_2001_2001
24_2001.2001
24_2001-2001
24.2001_2001
24.2001.2001
24.2001-2001
24-2001_2001
24-2001.2001
24-2001-2001
05
05Yernazar
05_Yernazar
05-Yernazar
05.Yernazar
05YernazarYernazar
05_Yernazar_Yernazar
05_Yernazar.Yernazar
05_Yernazar-Yernazar
05.Yernazar_Yernazar
05.Yernazar.Yernazar
05.Yernazar-Yernazar
05-Yernazar_Yernazar
05-Yernazar.Yernazar
05-Yernazar-Yernazar
05YernazarKarabayev
05_Yernazar_Karabayev
05_Yernazar.Karabayev
05_Yernazar-Karabayev
05.Yernazar_Karabayev
05.Yernazar.Karabayev
05.Yernazar-Karabayev
05-Yernazar_Karabayev
05-Yernazar.Karabayev
05-Yernazar-Karabayev
05Yernazar24
05_Yernazar_24
05_Yernazar.24
05_Yernazar-24
05.Yernazar_24
05.Yernazar.24
05.Yernazar-24
05-Yernazar_24
05-Yernazar.24
05-Yernazar-24
05Yernazar05
05_Yernazar_05
05_Yernazar.05
05_Yernazar-05
05.Yernazar_05
05.Yernazar.05
05.Yernazar-05
05-Yernazar_05
05-Yernazar.05
05-Yernazar-05
05Yernazar2001
05_Yernazar_2001
05_Yernazar.2001
05_Yernazar-2001
05.Yernazar_2001
05.Yernazar.2001
05.Yernazar-2001
05-Yernazar_2001
05-Yernazar.2001
05-Yernazar-2001
05Karabayev
05_Karabayev
05-Karabayev
05.Karabayev
05KarabayevYernazar
05_Karabayev_Yernazar
05_Karabayev.Yernazar
05_Karabayev-Yernazar
05.Karabayev_Yernazar
05.Karabayev.Yernazar
05.Karabayev-Yernazar
05-Karabayev_Yernazar
05-Karabayev.Yernazar
05-Karabayev-Yernazar
05KarabayevKarabayev
05_Karabayev_Karabayev
05_Karabayev.Karabayev
05_Karabayev-Karabayev
05.Karabayev_Karabayev
05.Karabayev.Karabayev
05.Karabayev-Karabayev
05-Karabayev_Karabayev
05-Karabayev.Karabayev
05-Karabayev-Karabayev
05Karabayev24
05_Karabayev_24
05_Karabayev.24
05_Karabayev-24
05.Karabayev_24
05.Karabayev.24
05.Karabayev-24
05-Karabayev_24
05-Karabayev.24
05-Karabayev-24
05Karabayev05
05_Karabayev_05
05_Karabayev.05
05_Karabayev-05
05.Karabayev_05
05.Karabayev.05
05.Karabayev-05
05-Karabayev_05
05-Karabayev.05
05-Karabayev-05
05Karabayev2001
05_Karabayev_2001
05_Karabayev.2001
05_Karabayev-2001
05.Karabayev_2001
05.Karabayev.2001
05.Karabayev-2001
05-Karabayev_2001
05-Karabayev.2001
05-Karabayev-2001
0524
05_24
05-24
05.24
0524Yernazar
05_24_Yernazar
05_24.Yernazar
05_24-Yernazar
05.24_Yernazar
05.24.Yernazar
05.24-Yernazar
05-24_Yernazar
05-24.Yernazar
05-24-Yernazar
0524Karabayev
05_24_Karabayev
05_24.Karabayev
05_24-Karabayev
05.24_Karabayev
05.24.Karabayev
05.24-Karabayev
05-24_Karabayev
05-24.Karabayev
05-24-Karabayev
052424
05_24_24
05_24.24
05_24-24
05.24_24
05.24.24
05.24-24
05-24_24
05-24.24
05-24-24
052405
05_24_05
05_24.05
05_24-05
05.24_05
05.24.05
05.24-05
05-24_05
05-24.05
05-24-05
05242001
05_24_2001
05_24.2001
05_24-2001
05.24_2001
05.24.2001
05.24-2001
05-24_2001
05-24.2001
05-24-2001
0505
05_05
05-05
05.05
0505Yernazar
05_05_Yernazar
05_05.Yernazar
05_05-Yernazar
05.05_Yernazar
05.05.Yernazar
05.05-Yernazar
05-05_Yernazar
05-05.Yernazar
05-05-Yernazar
0505Karabayev
05_05_Karabayev
05_05.Karabayev
05_05-Karabayev
05.05_Karabayev
05.05.Karabayev
05.05-Karabayev
05-05_Karabayev
05-05.Karabayev
05-05-Karabayev
050524
05_05_24
05_05.24
05_05-24
05.05_24
05.05.24
05.05-24
05-05_24
05-05.24
05-05-24
050505
05_05_05
05_05.05
05_05-05
05.05_05
05.05.05
05.05-05
05-05_05
05-05.05
05-05-05
05052001
05_05_2001
05_05.2001
05_05-2001
05.05_2001
05.05.2001
05.05-2001
05-05_2001
05-05.2001
05-05-2001
052001
05_2001
05-2001
05.2001
052001Yernazar
05_2001_Yernazar
05_2001.Yernazar
05_2001-Yernazar
05.2001_Yernazar
05.2001.Yernazar
05.2001-Yernazar
05-2001_Yernazar
05-2001.Yernazar
05-2001-Yernazar
052001Karabayev
05_2001_Karabayev
05_2001.Karabayev
05_2001-Karabayev
05.2001_Karabayev
05.2001.Karabayev
05.2001-Karabayev
05-2001_Karabayev
05-2001.Karabayev
05-2001-Karabayev
05200124
05_2001_24
05_2001.24
05_2001-24
05.2001_24
05.2001.24
05.2001-24
05-2001_24
05-2001.24
05-2001-24
05200105
05_2001_05
05_2001.05
05_2001-05
05.2001_05
05.2001.05
05.2001-05
05-2001_05
05-2001.05
05-2001-05
0520012001
05_2001_2001
05_2001.2001
05_2001-2001
05.2001_2001
05.2001.2001
05.2001-2001
05-2001_2001
05-2001.2001
05-2001-2001
2001
2001Yernazar
2001_Yernazar
2001-Yernazar
2001.Yernazar
2001YernazarYernazar
2001_Yernazar_Yernazar
2001_Yernazar.Yernazar
2001_Yernazar-Yernazar
2001.Yernazar_Yernazar
2001.Yernazar.Yernazar
2001.Yernazar-Yernazar
2001-Yernazar_Yernazar
2001-Yernazar.Yernazar
2001-Yernazar-Yernazar
2001YernazarKarabayev
2001_Yernazar_Karabayev
2001_Yernazar.Karabayev
2001_Yernazar-Karabayev
2001.Yernazar_Karabayev
2001.Yernazar.Karabayev
2001.Yernazar-Karabayev
2001-Yernazar_Karabayev
2001-Yernazar.Karabayev
2001-Yernazar-Karabayev
2001Yernazar24
2001_Yernazar_24
2001_Yernazar.24
2001_Yernazar-24
2001.Yernazar_24
2001.Yernazar.24
2001.Yernazar-24
2001-Yernazar_24
2001-Yernazar.24
2001-Yernazar-24
2001Yernazar05
2001_Yernazar_05
2001_Yernazar.05
2001_Yernazar-05
2001.Yernazar_05
2001.Yernazar.05
2001.Yernazar-05
2001-Yernazar_05
2001-Yernazar.05
2001-Yernazar-05
2001Yernazar2001
2001_Yernazar_2001
2001_Yernazar.2001
2001_Yernazar-2001
2001.Yernazar_2001
2001.Yernazar.2001
2001.Yernazar-2001
2001-Yernazar_2001
2001-Yernazar.2001
2001-Yernazar-2001
2001Karabayev
2001_Karabayev
2001-Karabayev
2001.Karabayev
2001KarabayevYernazar
2001_Karabayev_Yernazar
2001_Karabayev.Yernazar
2001_Karabayev-Yernazar
2001.Karabayev_Yernazar
2001.Karabayev.Yernazar
2001.Karabayev-Yernazar
2001-Karabayev_Yernazar
2001-Karabayev.Yernazar
2001-Karabayev-Yernazar
2001KarabayevKarabayev
2001_Karabayev_Karabayev
2001_Karabayev.Karabayev
2001_Karabayev-Karabayev
2001.Karabayev_Karabayev
2001.Karabayev.Karabayev
2001.Karabayev-Karabayev
2001-Karabayev_Karabayev
2001-Karabayev.Karabayev
2001-Karabayev-Karabayev
2001Karabayev24
2001_Karabayev_24
2001_Karabayev.24
2001_Karabayev-24
2001.Karabayev_24
2001.Karabayev.24
2001.Karabayev-24
2001-Karabayev_24
2001-Karabayev.24
2001-Karabayev-24
2001Karabayev05
2001_Karabayev_05
2001_Karabayev.05
2001_Karabayev-05
2001.Karabayev_05
2001.Karabayev.05
2001.Karabayev-05
2001-Karabayev_05
2001-Karabayev.05
2001-Karabayev-05
2001Karabayev2001
2001_Karabayev_2001
2001_Karabayev.2001
2001_Karabayev-2001
2001.Karabayev_2001
2001.Karabayev.2001
2001.Karabayev-2001
2001-Karabayev_2001
2001-Karabayev.2001
2001-Karabayev-2001
200124
2001_24
2001-24
2001.24
200124Yernazar
2001_24_Yernazar
2001_24.Yernazar
2001_24-Yernazar
2001.24_Yernazar
2001.24.Yernazar
2001.24-Yernazar
2001-24_Yernazar
2001-24.Yernazar
2001-24-Yernazar
200124Karabayev
2001_24_Karabayev
2001_24.Karabayev
2001_24-Karabayev
2001.24_Karabayev
2001.24.Karabayev
2001.24-Karabayev
2001-24_Karabayev
2001-24.Karabayev
2001-24-Karabayev
20012424
2001_24_24
2001_24.24
2001_24-24
2001.24_24
2001.24.24
2001.24-24
2001-24_24
2001-24.24
2001-24-24
20012405
2001_24_05
2001_24.05
2001_24-05
2001.24_05
2001.24.05
2001.24-05
2001-24_05
2001-24.05
2001-24-05
2001242001
2001_24_2001
2001_24.2001
2001_24-2001
2001.24_2001
2001.24.2001
2001.24-2001
2001-24_2001
2001-24.2001
2001-24-2001
200105
2001_05
2001-05
2001.05
200105Yernazar
2001_05_Yernazar
2001_05.Yernazar
2001_05-Yernazar
2001.05_Yernazar
2001.05.Yernazar
2001.05-Yernazar
2001-05_Yernazar
2001-05.Yernazar
2001-05-Yernazar
200105Karabayev
2001_05_Karabayev
2001_05.Karabayev
2001_05-Karabayev
2001.05_Karabayev
2001.05.Karabayev
2001.05-Karabayev
2001-05_Karabayev
2001-05.Karabayev
2001-05-Karabayev
20010524
2001_05_24
2001_05.24
2001_05-24
2001.05_24
2001.05.24
2001.05-24
2001-05_24
2001-05.24
2001-05-24
20010505
2001_05_05
2001_05.05
2001_05-05
2001.05_05
2001.05.05
2001.05-05
2001-05_05
2001-05.05
2001-05-05
2001052001
2001_05_2001
2001_05.2001
2001_05-2001
2001.05_2001
2001.05.2001
2001.05-2001
2001-05_2001
2001-05.2001
2001-05-2001
20012001
2001_2001
2001-2001
2001.2001
20012001Yernazar
2001_2001_Yernazar
2001_2001.Yernazar
2001_2001-Yernazar
2001.2001_Yernazar
2001.2001.Yernazar
2001.2001-Yernazar
2001-2001_Yernazar
2001-2001.Yernazar
2001-2001-Yernazar
20012001Karabayev
2001_2001_Karabayev
2001_2001.Karabayev
2001_2001-Karabayev
2001.2001_Karabayev
2001.2001.Karabayev
2001.2001-Karabayev
2001-2001_Karabayev
2001-2001.Karabayev
2001-2001-Karabayev
2001200124
2001_2001_24
2001_2001.24
2001_2001-24
2001.2001_24
2001.2001.24
2001.2001-24
2001-2001_24
2001-2001.24
2001-2001-24
2001200105
2001_2001_05
2001_2001.05
2001_2001-05
2001.2001_05
2001.2001.05
2001.2001-05
2001-2001_05
2001-2001.05
2001-2001-05
200120012001
2001_2001_2001
2001_2001.2001
2001_2001-2001
2001.2001_2001
2001.2001.2001
2001.2001-2001
2001-2001_2001
2001-2001.2001
2001-2001-2001
